<?xml version="1.0" encoding="UTF-8"?>
<!-- Generated by org.testng.reporters.JUnitXMLReporter -->
<testsuite hostname="GMOR-2QTHB2S-DX" name="Test" tests="2" failures="1" timestamp="20 Feb 2017 07:30:18 GMT" time="39.279" errors="0">
  <testcase name="BookAReturnFlightForAPassenger" time="0.02" classname="testscripts.CaseStudy2">
    <failure type="java.lang.NullPointerException">
      <![CDATA[java.lang.NullPointerException
	at pages.LogIn.checkUserNameExists(LogIn.java:33)
	at testscripts.CaseStudy2.BookAReturnFlightForAPassenger(CaseStudy2.java:47)
... Removed 24 stack frames]]>
    </failure>
  </testcase> <!-- BookAReturnFlightForAPassenger -->
  <testcase name="BookAReturnFlightForAPassenger" time="21.292" classname="testscripts.CaseStudy1"/>
</testsuite> <!-- Test -->
