<?xml version="1.0" encoding="UTF-8"?>
<testng-results skipped="0" failed="0" total="1" passed="1">
  <reporter-output>
  </reporter-output>
  <suite name="Default suite" duration-ms="43847" started-at="2017-02-20T08:13:44Z" finished-at="2017-02-20T08:14:28Z">
    <groups>
    </groups>
    <test name="Default test" duration-ms="43847" started-at="2017-02-20T08:13:44Z" finished-at="2017-02-20T08:14:28Z">
      <class name="testscripts.CaseStudy2">
        <test-method status="PASS" signature="Setup()[pri:0, instance:testscripts.CaseStudy2@46d56d67]" name="Setup" is-config="true" duration-ms="22272" started-at="2017-02-20T16:13:44Z" finished-at="2017-02-20T16:14:06Z">
          <reporter-output>
          </reporter-output>
        </test-method> <!-- Setup -->
        <test-method status="PASS" signature="BookAReturnFlightForAPassenger()[pri:0, instance:testscripts.CaseStudy2@46d56d67]" name="BookAReturnFlightForAPassenger" duration-ms="20930" started-at="2017-02-20T16:14:06Z" finished-at="2017-02-20T16:14:27Z">
          <reporter-output>
          </reporter-output>
        </test-method> <!-- BookAReturnFlightForAPassenger -->
        <test-method status="PASS" signature="TearDown()[pri:0, instance:testscripts.CaseStudy2@46d56d67]" name="TearDown" is-config="true" duration-ms="626" started-at="2017-02-20T16:14:27Z" finished-at="2017-02-20T16:14:28Z">
          <reporter-output>
          </reporter-output>
        </test-method> <!-- TearDown -->
      </class> <!-- testscripts.CaseStudy2 -->
    </test> <!-- Default test -->
  </suite> <!-- Default suite -->
</testng-results>
